# JRE version: Java(TM) SE Runtime Environment (17.0.7+8) (build 17.0.7+8-LTS-224)
# Java VM: Java HotSpot(TM) 64-Bit Server VM (17.0.7+8-LTS-224, mixed mode, sharing, tiered, compressed oops, compressed class ptrs, g1 gc, windows-amd64)
GC Precious Log:
 CPUs: 12 total, 12 available
 Memory: 7876M
 Large Page Support: Disabled
 NUMA Support: Disabled
 Compressed Oops: Enabled (32-bit)
 Heap Region Size: 1M
 Heap Min Capacity: 8M
 Heap Initial Capacity: 124M
 Heap Max Capacity: 1970M
 Pre-touch: Disabled
 Parallel Workers: 10
 Concurrent Workers: 3
 Concurrent Refinement Workers: 10
 Periodic GC: Disabled
Heap:
 garbage-first heap   total 71680K, used 50052K [0x0000000084e00000, 0x0000000100000000)
  region size 1024K, 29 young (29696K), 5 survivors (5120K)
 Metaspace       used 69052K, committed 69632K, reserved 1114112K
  class space    used 9343K, committed 9600K, reserved 1048576K
GC Heap History (20 events):
Event: 3.071 GC heap before
{Heap before GC invocations=1 (full 0):
 garbage-first heap   total 126976K, used 36160K [0x0000000084e00000, 0x0000000100000000)
  region size 1024K, 31 young (31744K), 3 survivors (3072K)
 Metaspace       used 13605K, committed 13888K, reserved 1064960K
  class space    used 1670K, committed 1792K, reserved 1048576K
}
Event: 3.089 GC heap after
{Heap after GC invocations=2 (full 0):
 garbage-first heap   total 126976K, used 9956K [0x0000000084e00000, 0x0000000100000000)
  region size 1024K, 3 young (3072K), 3 survivors (3072K)
 Metaspace       used 13605K, committed 13888K, reserved 1064960K
  class space    used 1670K, committed 1792K, reserved 1048576K
}
Event: 6.135 GC heap before
{Heap before GC invocations=2 (full 0):
 garbage-first heap   total 126976K, used 58084K [0x0000000084e00000, 0x0000000100000000)
  region size 1024K, 51 young (52224K), 3 survivors (3072K)
 Metaspace       used 21202K, committed 21504K, reserved 1073152K
  class space    used 2654K, committed 2816K, reserved 1048576K
}
Event: 6.149 GC heap after
{Heap after GC invocations=3 (full 0):
 garbage-first heap   total 126976K, used 14098K [0x0000000084e00000, 0x0000000100000000)
  region size 1024K, 7 young (7168K), 7 survivors (7168K)
 Metaspace       used 21202K, committed 21504K, reserved 1073152K
  class space    used 2654K, committed 2816K, reserved 1048576K
}
Event: 7.531 GC heap before
{Heap before GC invocations=4 (full 0):
 garbage-first heap   total 55296K, used 39698K [0x0000000084e00000, 0x0000000100000000)
  region size 1024K, 32 young (32768K), 7 survivors (7168K)
 Metaspace       used 26327K, committed 26688K, reserved 1073152K
  class space    used 3370K, committed 3520K, reserved 1048576K
}
Event: 7.551 GC heap after
{Heap after GC invocations=5 (full 0):
 garbage-first heap   total 55296K, used 16770K [0x0000000084e00000, 0x0000000100000000)
  region size 1024K, 3 young (3072K), 3 survivors (3072K)
 Metaspace       used 26327K, committed 26688K, reserved 1073152K
  class space    used 3370K, committed 3520K, reserved 1048576K
}
Event: 7.607 GC heap before
{Heap before GC invocations=5 (full 0):
 garbage-first heap   total 55296K, used 16770K [0x0000000084e00000, 0x0000000100000000)
  region size 1024K, 4 young (4096K), 3 survivors (3072K)
 Metaspace       used 26645K, committed 27072K, reserved 1073152K
  class space    used 3402K, committed 3648K, reserved 1048576K
}
Event: 7.617 GC heap after
{Heap after GC invocations=6 (full 0):
 garbage-first heap   total 55296K, used 17501K [0x0000000084e00000, 0x0000000100000000)
  region size 1024K, 1 young (1024K), 1 survivors (1024K)
 Metaspace       used 26645K, committed 27072K, reserved 1073152K
  class space    used 3402K, committed 3648K, reserved 1048576K
}
Event: 8.958 GC heap before
{Heap before GC invocations=6 (full 0):
 garbage-first heap   total 55296K, used 37981K [0x0000000084e00000, 0x0000000100000000)
  region size 1024K, 21 young (21504K), 1 survivors (1024K)
 Metaspace       used 30660K, committed 31104K, reserved 1081344K
  class space    used 3950K, committed 4160K, reserved 1048576K
}
Event: 8.964 GC heap after
{Heap after GC invocations=7 (full 0):
 garbage-first heap   total 83968K, used 18185K [0x0000000084e00000, 0x0000000100000000)
  region size 1024K, 2 young (2048K), 2 survivors (2048K)
 Metaspace       used 30660K, committed 31104K, reserved 1081344K
  class space    used 3950K, committed 4160K, reserved 1048576K
}
Event: 9.802 GC heap before
{Heap before GC invocations=7 (full 0):
 garbage-first heap   total 83968K, used 38665K [0x0000000084e00000, 0x0000000100000000)
  region size 1024K, 23 young (23552K), 2 survivors (2048K)
 Metaspace       used 35627K, committed 35968K, reserved 1081344K
  class space    used 4768K, committed 4928K, reserved 1048576K
}
Event: 9.809 GC heap after
{Heap after GC invocations=8 (full 0):
 garbage-first heap   total 83968K, used 19119K [0x0000000084e00000, 0x0000000100000000)
  region size 1024K, 3 young (3072K), 3 survivors (3072K)
 Metaspace       used 35627K, committed 35968K, reserved 1081344K
  class space    used 4768K, committed 4928K, reserved 1048576K
}
Event: 12.241 GC heap before
{Heap before GC invocations=9 (full 0):
 garbage-first heap   total 71680K, used 59055K [0x0000000084e00000, 0x0000000100000000)
  region size 1024K, 42 young (43008K), 3 survivors (3072K)
 Metaspace       used 48882K, committed 49344K, reserved 1097728K
  class space    used 6382K, committed 6592K, reserved 1048576K
}
Event: 12.250 GC heap after
{Heap after GC invocations=10 (full 0):
 garbage-first heap   total 71680K, used 22483K [0x0000000084e00000, 0x0000000100000000)
  region size 1024K, 6 young (6144K), 6 survivors (6144K)
 Metaspace       used 48882K, committed 49344K, reserved 1097728K
  class space    used 6382K, committed 6592K, reserved 1048576K
}
Event: 14.587 GC heap before
{Heap before GC invocations=10 (full 0):
 garbage-first heap   total 71680K, used 54227K [0x0000000084e00000, 0x0000000100000000)
  region size 1024K, 37 young (37888K), 6 survivors (6144K)
 Metaspace       used 57311K, committed 57792K, reserved 1105920K
  class space    used 7766K, committed 8000K, reserved 1048576K
}
Event: 14.602 GC heap after
{Heap after GC invocations=11 (full 0):
 garbage-first heap   total 71680K, used 24065K [0x0000000084e00000, 0x0000000100000000)
  region size 1024K, 2 young (2048K), 2 survivors (2048K)
 Metaspace       used 57311K, committed 57792K, reserved 1105920K
  class space    used 7766K, committed 8000K, reserved 1048576K
}
Event: 16.085 GC heap before
{Heap before GC invocations=11 (full 0):
 garbage-first heap   total 71680K, used 35329K [0x0000000084e00000, 0x0000000100000000)
  region size 1024K, 15 young (15360K), 2 survivors (2048K)
 Metaspace       used 59845K, committed 60288K, reserved 1105920K
  class space    used 7993K, committed 8192K, reserved 1048576K
}
Event: 16.093 GC heap after
{Heap after GC invocations=12 (full 0):
 garbage-first heap   total 71680K, used 24837K [0x0000000084e00000, 0x0000000100000000)
  region size 1024K, 3 young (3072K), 3 survivors (3072K)
 Metaspace       used 59845K, committed 60288K, reserved 1105920K
  class space    used 7993K, committed 8192K, reserved 1048576K
}
Event: 26.778 GC heap before
{Heap before GC invocations=13 (full 0):
 garbage-first heap   total 71680K, used 55557K [0x0000000084e00000, 0x0000000100000000)
  region size 1024K, 33 young (33792K), 3 survivors (3072K)
 Metaspace       used 63337K, committed 63936K, reserved 1105920K
  class space    used 8545K, committed 8832K, reserved 1048576K
}
Event: 26.806 GC heap after
{Heap after GC invocations=14 (full 0):
 garbage-first heap   total 71680K, used 27524K [0x0000000084e00000, 0x0000000100000000)
  region size 1024K, 5 young (5120K), 5 survivors (5120K)
 Metaspace       used 63337K, committed 63936K, reserved 1105920K
  class space    used 8545K, committed 8832K, reserved 1048576K
}

